0 verbose cli C:\Program Files\nodejs\node.exe C:\Program Files\nodejs\node_modules\npm\bin\npm-cli.js
1 info using npm@10.2.3
2 info using node@v20.10.0
3 timing npm:load:whichnode Completed in 1ms
4 timing config:load:defaults Completed in 2ms
5 timing config:load:file:C:\Program Files\nodejs\node_modules\npm\npmrc Completed in 2ms
6 timing config:load:builtin Completed in 2ms
7 timing config:load:cli Completed in 2ms
8 timing config:load:env Completed in 0ms
9 timing config:load:file:C:\Users\athom\Documents\NCSUBootCamp\Back End\ncsu-milestone-project-3\.npmrc Completed in 0ms
10 timing config:load:project Completed in 2ms
11 timing config:load:file:C:\Users\athom\.npmrc Completed in 0ms
12 timing config:load:user Completed in 0ms
13 timing config:load:file:C:\Users\athom\AppData\Roaming\npm\etc\npmrc Completed in 0ms
14 timing config:load:global Completed in 0ms
15 timing config:load:setEnvs Completed in 1ms
16 timing config:load Completed in 10ms
17 timing npm:load:configload Completed in 10ms
18 timing config:load:flatten Completed in 2ms
19 timing npm:load:mkdirpcache Completed in 0ms
20 timing npm:load:mkdirplogs Completed in 0ms
21 verbose title npm ci
22 verbose argv "ci" "--cache" ".npm" "--prefer-offline"
23 timing npm:load:setTitle Completed in 1ms
24 timing npm:load:display Completed in 0ms
25 verbose logfile logs-max:10 dir:C:\Users\athom\Documents\NCSUBootCamp\Back End\ncsu-milestone-project-3\.npm\_logs\2024-06-15T17_58_03_323Z-
26 verbose logfile C:\Users\athom\Documents\NCSUBootCamp\Back End\ncsu-milestone-project-3\.npm\_logs\2024-06-15T17_58_03_323Z-debug-0.log
27 timing npm:load:logFile Completed in 7ms
28 timing npm:load:timers Completed in 0ms
29 timing npm:load:configScope Completed in 0ms
30 timing npm:load Completed in 47ms
31 timing arborist:ctor Completed in 1ms
32 silly logfile done cleaning log files
33 timing idealTree:init Completed in 5ms
34 timing idealTree:userRequests Completed in 0ms
35 silly idealTree buildDeps
36 timing idealTree:#root Completed in 0ms
37 timing idealTree:buildDeps Completed in 1ms
38 timing idealTree:fixDepFlags Completed in 0ms
39 timing idealTree Completed in 8ms
40 timing npm-ci:rm Completed in 37ms
41 timing reify:loadTrees Completed in 3ms
42 timing reify:diffTrees Completed in 0ms
43 silly reify moves {}
44 timing reify:retireShallow Completed in 1ms
45 timing reify:createSparse Completed in 1ms
46 timing reify:loadBundles Completed in 0ms
47 silly audit bulk request {
47 silly audit   bootstrap: [ '4.6.2' ],
47 silly audit   'dnd-character-sheets': [ '1.0.5' ],
47 silly audit   jquery: [ '3.7.1' ],
47 silly audit   'js-tokens': [ '4.0.0' ],
47 silly audit   'loose-envify': [ '1.4.0' ],
47 silly audit   'object-assign': [ '4.1.1' ],
47 silly audit   'popper.js': [ '1.16.1' ],
47 silly audit   'prop-types': [ '15.8.1' ],
47 silly audit   react: [ '16.14.0' ],
47 silly audit   'react-is': [ '16.13.1' ]
47 silly audit }
48 silly tarball no local data for react-is@https://registry.npmjs.org/react-is/-/react-is-16.13.1.tgz. Extracting by manifest.
49 silly tarball no local data for prop-types@https://registry.npmjs.org/prop-types/-/prop-types-15.8.1.tgz. Extracting by manifest.
50 silly tarball no local data for react@https://registry.npmjs.org/react/-/react-16.14.0.tgz. Extracting by manifest.
51 silly tarball no local data for popper.js@https://registry.npmjs.org/popper.js/-/popper.js-1.16.1.tgz. Extracting by manifest.
52 silly tarball no local data for loose-envify@https://registry.npmjs.org/loose-envify/-/loose-envify-1.4.0.tgz. Extracting by manifest.
53 silly tarball no local data for object-assign@https://registry.npmjs.org/object-assign/-/object-assign-4.1.1.tgz. Extracting by manifest.
54 silly tarball no local data for js-tokens@https://registry.npmjs.org/js-tokens/-/js-tokens-4.0.0.tgz. Extracting by manifest.
55 silly tarball no local data for jquery@https://registry.npmjs.org/jquery/-/jquery-3.7.1.tgz. Extracting by manifest.
56 silly tarball no local data for dnd-character-sheets@https://registry.npmjs.org/dnd-character-sheets/-/dnd-character-sheets-1.0.5.tgz. Extracting by manifest.
57 silly tarball no local data for bootstrap@https://registry.npmjs.org/bootstrap/-/bootstrap-4.6.2.tgz. Extracting by manifest.
58 http fetch GET 200 https://registry.npmjs.org/npm 183ms (cache miss)
59 http fetch GET 200 https://registry.npmjs.org/react-is/-/react-is-16.13.1.tgz 113ms (cache miss)
60 timing reifyNode:node_modules/react-is Completed in 128ms
61 http fetch GET 200 https://registry.npmjs.org/prop-types/-/prop-types-15.8.1.tgz 122ms (cache miss)
62 timing reifyNode:node_modules/prop-types Completed in 137ms
63 http fetch POST 200 https://registry.npmjs.org/-/npm/v1/security/advisories/bulk 198ms
64 timing auditReport:getReport Completed in 199ms
65 silly audit report {}
66 timing auditReport:init Completed in 0ms
67 timing reify:audit Completed in 199ms
68 http fetch GET 200 https://registry.npmjs.org/object-assign/-/object-assign-4.1.1.tgz 346ms (cache miss)
69 timing reifyNode:node_modules/object-assign Completed in 363ms
70 http fetch GET 200 https://registry.npmjs.org/loose-envify/-/loose-envify-1.4.0.tgz 350ms (cache miss)
71 timing reifyNode:node_modules/loose-envify Completed in 368ms
72 http fetch GET 200 https://registry.npmjs.org/js-tokens/-/js-tokens-4.0.0.tgz 353ms (cache miss)
73 timing reifyNode:node_modules/js-tokens Completed in 371ms
74 http fetch GET 200 https://registry.npmjs.org/react/-/react-16.14.0.tgz 386ms (cache miss)
75 timing reifyNode:node_modules/react Completed in 401ms
76 http fetch GET 200 https://registry.npmjs.org/popper.js/-/popper.js-1.16.1.tgz 505ms (cache miss)
77 warn deprecated popper.js@1.16.1: You can find the new Popper v2 at @popperjs/core, this package is dedicated to the legacy v1
78 timing reifyNode:node_modules/popper.js Completed in 523ms
79 http fetch GET 200 https://registry.npmjs.org/jquery/-/jquery-3.7.1.tgz 528ms (cache miss)
80 timing reifyNode:node_modules/jquery Completed in 546ms
81 http fetch GET 200 https://registry.npmjs.org/bootstrap/-/bootstrap-4.6.2.tgz 608ms (cache miss)
82 timing reifyNode:node_modules/bootstrap Completed in 627ms
83 http fetch GET 200 https://registry.npmjs.org/dnd-character-sheets/-/dnd-character-sheets-1.0.5.tgz 699ms (cache miss)
84 timing reifyNode:node_modules/dnd-character-sheets Completed in 718ms
85 timing reify:unpack Completed in 719ms
86 timing reify:unretire Completed in 0ms
87 timing build:queue Completed in 0ms
88 timing build:link:node_modules/loose-envify Completed in 4ms
89 timing build:link Completed in 4ms
90 timing build:deps Completed in 5ms
91 timing build Completed in 5ms
92 timing reify:build Completed in 5ms
93 timing reify:trash Completed in 0ms
94 timing reify Completed in 738ms
95 silly ADD node_modules/react-is
96 silly ADD node_modules/react
97 silly ADD node_modules/prop-types
98 silly ADD node_modules/popper.js
99 silly ADD node_modules/object-assign
100 silly ADD node_modules/loose-envify
101 silly ADD node_modules/js-tokens
102 silly ADD node_modules/jquery
103 silly ADD node_modules/dnd-character-sheets
104 silly ADD node_modules/bootstrap
105 timing command:ci Completed in 836ms
106 notice
106 notice New [33mminor[39m version of npm available! [31m10.2.3[39m -> [32m10.8.1[39m
106 notice Changelog: [36mhttps://github.com/npm/cli/releases/tag/v10.8.1[39m
106 notice Run [32mnpm install -g npm@10.8.1[39m to update!
106 notice
107 verbose exit 0
108 timing npm Completed in 1146ms
109 info ok
